<?xml version="1.0" encoding="UTF-8"?>
<testsuite name="com.example.poetry.backend.user.security.VerificationCodeStoreTest" tests="6" skipped="0" failures="0" errors="0" timestamp="2026-05-24T03:02:31.908Z" hostname="NN" time="0.008">
  <properties/>
  <testcase name="hasValidCode_validEntry_returnsTrue()" classname="com.example.poetry.backend.user.security.VerificationCodeStoreTest" time="0.002"/>
  <testcase name="remove_clearsStoredCode()" classname="com.example.poetry.backend.user.security.VerificationCodeStoreTest" time="0.0"/>
  <testcase name="generate_returnsNumericCodeOfRequestedLength()" classname="com.example.poetry.backend.user.security.VerificationCodeStoreTest" time="0.0"/>
  <testcase name="verifyAndConsume_expiredCode_returnsFalse()" classname="com.example.poetry.backend.user.security.VerificationCodeStoreTest" time="0.0"/>
  <testcase name="verifyAndConsume_wrongCode_returnsFalse()" classname="com.example.poetry.backend.user.security.VerificationCodeStoreTest" time="0.001"/>
  <testcase name="verifyAndConsume_correctCode_returnsTrueAndConsumes()" classname="com.example.poetry.backend.user.security.VerificationCodeStoreTest" time="0.001"/>
  <system-out><![CDATA[]]></system-out>
  <system-err><![CDATA[]]></system-err>
</testsuite>
