# JRE version: OpenJDK Runtime Environment Temurin-21.0.10+7 (21.0.10+7) (build 21.0.10+7-LTS)
# Java VM: OpenJDK 64-Bit Server VM Temurin-21.0.10+7 (21.0.10+7-LTS, mixed mode, sharing, tiered, compressed oops, compressed class ptrs, parallel gc, windows-amd64)
GC Precious Log:
 CardTable entry size: 512
 CPUs: 20 total, 20 available
 Memory: 16108M
 Large Page Support: Disabled
 NUMA Support: Disabled
 Compressed Oops: Enabled (32-bit)
 Alignments: Space 512K, Generation 512K, Heap 2M
 Heap Min Capacity: 100M
 Heap Initial Capacity: 100M
 Heap Max Capacity: 2G
 Pre-touch: Disabled
 Parallel Workers: 15
Heap:
 PSYoungGen      total 19456K, used 14174K [0x00000000d5580000, 0x00000000d6a00000, 0x0000000100000000)
  eden space 17920K, 74% used [0x00000000d5580000,0x00000000d6287860,0x00000000d6700000)
  from space 1536K, 54% used [0x00000000d6700000,0x00000000d67d0000,0x00000000d6880000)
  to   space 1536K, 0% used [0x00000000d6880000,0x00000000d6880000,0x00000000d6a00000)
 ParOldGen       total 68608K, used 47931K [0x0000000080000000, 0x0000000084300000, 0x00000000d5580000)
  object space 68608K, 69% used [0x0000000080000000,0x0000000082ecefd0,0x0000000084300000)
 Metaspace       used 72326K, committed 73920K, reserved 1114112K
  class space    used 9007K, committed 9664K, reserved 1048576K
GC Heap History (20 events):
Event: 15.178 GC heap before
{Heap before GC invocations=43 (full 3):
 PSYoungGen      total 20480K, used 20320K [0x00000000d5580000, 0x00000000d6b00000, 0x0000000100000000)
  eden space 19968K, 100% used [0x00000000d5580000,0x00000000d6900000,0x00000000d6900000)
  from space 512K, 68% used [0x00000000d6900000,0x00000000d6958000,0x00000000d6980000)
  to   space 1024K, 0% used [0x00000000d6a00000,0x00000000d6a00000,0x00000000d6b00000)
 ParOldGen       total 68608K, used 43975K [0x0000000080000000, 0x0000000084300000, 0x00000000d5580000)
  object space 68608K, 64% used [0x0000000080000000,0x0000000082af1c68,0x0000000084300000)
 Metaspace       used 66799K, committed 68288K, reserved 1114112K
  class space    used 8314K, committed 8960K, reserved 1048576K
}
Event: 15.178 GC heap after
{Heap after GC invocations=43 (full 3):
 PSYoungGen      total 20480K, used 405K [0x00000000d5580000, 0x00000000d6a80000, 0x0000000100000000)
  eden space 19968K, 0% used [0x00000000d5580000,0x00000000d5580000,0x00000000d6900000)
  from space 512K, 79% used [0x00000000d6a00000,0x00000000d6a654b8,0x00000000d6a80000)
  to   space 512K, 0% used [0x00000000d6900000,0x00000000d6900000,0x00000000d6980000)
 ParOldGen       total 68608K, used 44031K [0x0000000080000000, 0x0000000084300000, 0x00000000d5580000)
  object space 68608K, 64% used [0x0000000080000000,0x0000000082affc68,0x0000000084300000)
 Metaspace       used 66799K, committed 68288K, reserved 1114112K
  class space    used 8314K, committed 8960K, reserved 1048576K
}
Event: 15.430 GC heap before
{Heap before GC invocations=44 (full 3):
 PSYoungGen      total 20480K, used 20373K [0x00000000d5580000, 0x00000000d6a80000, 0x0000000100000000)
  eden space 19968K, 100% used [0x00000000d5580000,0x00000000d6900000,0x00000000d6900000)
  from space 512K, 79% used [0x00000000d6a00000,0x00000000d6a654b8,0x00000000d6a80000)
  to   space 512K, 0% used [0x00000000d6900000,0x00000000d6900000,0x00000000d6980000)
 ParOldGen       total 68608K, used 44031K [0x0000000080000000, 0x0000000084300000, 0x00000000d5580000)
  object space 68608K, 64% used [0x0000000080000000,0x0000000082affc68,0x0000000084300000)
 Metaspace       used 66799K, committed 68288K, reserved 1114112K
  class space    used 8314K, committed 8960K, reserved 1048576K
}
Event: 15.431 GC heap after
{Heap after GC invocations=44 (full 3):
 PSYoungGen      total 20480K, used 490K [0x00000000d5580000, 0x00000000d6b00000, 0x0000000100000000)
  eden space 19968K, 0% used [0x00000000d5580000,0x00000000d5580000,0x00000000d6900000)
  from space 512K, 95% used [0x00000000d6900000,0x00000000d697abf8,0x00000000d6980000)
  to   space 1024K, 0% used [0x00000000d6a00000,0x00000000d6a00000,0x00000000d6b00000)
 ParOldGen       total 68608K, used 44177K [0x0000000080000000, 0x0000000084300000, 0x00000000d5580000)
  object space 68608K, 64% used [0x0000000080000000,0x0000000082b24430,0x0000000084300000)
 Metaspace       used 66799K, committed 68288K, reserved 1114112K
  class space    used 8314K, committed 8960K, reserved 1048576K
}
Event: 15.701 GC heap before
{Heap before GC invocations=45 (full 3):
 PSYoungGen      total 20480K, used 20458K [0x00000000d5580000, 0x00000000d6b00000, 0x0000000100000000)
  eden space 19968K, 100% used [0x00000000d5580000,0x00000000d6900000,0x00000000d6900000)
  from space 512K, 95% used [0x00000000d6900000,0x00000000d697abf8,0x00000000d6980000)
  to   space 1024K, 0% used [0x00000000d6a00000,0x00000000d6a00000,0x00000000d6b00000)
 ParOldGen       total 68608K, used 44177K [0x0000000080000000, 0x0000000084300000, 0x00000000d5580000)
  object space 68608K, 64% used [0x0000000080000000,0x0000000082b24430,0x0000000084300000)
 Metaspace       used 66799K, committed 68288K, reserved 1114112K
  class space    used 8314K, committed 8960K, reserved 1048576K
}
Event: 15.702 GC heap after
{Heap after GC invocations=45 (full 3):
 PSYoungGen      total 20480K, used 1015K [0x00000000d5580000, 0x00000000d6c00000, 0x0000000100000000)
  eden space 19456K, 0% used [0x00000000d5580000,0x00000000d5580000,0x00000000d6880000)
  from space 1024K, 99% used [0x00000000d6a00000,0x00000000d6afdd10,0x00000000d6b00000)
  to   space 1536K, 0% used [0x00000000d6880000,0x00000000d6880000,0x00000000d6a00000)
 ParOldGen       total 68608K, used 44249K [0x0000000080000000, 0x0000000084300000, 0x00000000d5580000)
  object space 68608K, 64% used [0x0000000080000000,0x0000000082b36440,0x0000000084300000)
 Metaspace       used 66799K, committed 68288K, reserved 1114112K
  class space    used 8314K, committed 8960K, reserved 1048576K
}
Event: 21.965 GC heap before
{Heap before GC invocations=46 (full 3):
 PSYoungGen      total 20480K, used 20471K [0x00000000d5580000, 0x00000000d6c00000, 0x0000000100000000)
  eden space 19456K, 99% used [0x00000000d5580000,0x00000000d687fff8,0x00000000d6880000)
  from space 1024K, 99% used [0x00000000d6a00000,0x00000000d6afdd10,0x00000000d6b00000)
  to   space 1536K, 0% used [0x00000000d6880000,0x00000000d6880000,0x00000000d6a00000)
 ParOldGen       total 68608K, used 44249K [0x0000000080000000, 0x0000000084300000, 0x00000000d5580000)
  object space 68608K, 64% used [0x0000000080000000,0x0000000082b36440,0x0000000084300000)
 Metaspace       used 68116K, committed 69568K, reserved 1114112K
  class space    used 8509K, committed 9152K, reserved 1048576K
}
Event: 21.967 GC heap after
{Heap after GC invocations=46 (full 3):
 PSYoungGen      total 20480K, used 640K [0x00000000d5580000, 0x00000000d6a80000, 0x0000000100000000)
  eden space 19456K, 0% used [0x00000000d5580000,0x00000000d5580000,0x00000000d6880000)
  from space 1024K, 62% used [0x00000000d6880000,0x00000000d6920010,0x00000000d6980000)
  to   space 1024K, 0% used [0x00000000d6980000,0x00000000d6980000,0x00000000d6a80000)
 ParOldGen       total 68608K, used 44305K [0x0000000080000000, 0x0000000084300000, 0x00000000d5580000)
  object space 68608K, 64% used [0x0000000080000000,0x0000000082b44440,0x0000000084300000)
 Metaspace       used 68116K, committed 69568K, reserved 1114112K
  class space    used 8509K, committed 9152K, reserved 1048576K
}
Event: 38.383 GC heap before
{Heap before GC invocations=47 (full 3):
 PSYoungGen      total 20480K, used 20096K [0x00000000d5580000, 0x00000000d6a80000, 0x0000000100000000)
  eden space 19456K, 100% used [0x00000000d5580000,0x00000000d6880000,0x00000000d6880000)
  from space 1024K, 62% used [0x00000000d6880000,0x00000000d6920010,0x00000000d6980000)
  to   space 1024K, 0% used [0x00000000d6980000,0x00000000d6980000,0x00000000d6a80000)
 ParOldGen       total 68608K, used 44305K [0x0000000080000000, 0x0000000084300000, 0x00000000d5580000)
  object space 68608K, 64% used [0x0000000080000000,0x0000000082b44440,0x0000000084300000)
 Metaspace       used 69148K, committed 70656K, reserved 1114112K
  class space    used 8616K, committed 9280K, reserved 1048576K
}
Event: 38.386 GC heap after
{Heap after GC invocations=47 (full 3):
 PSYoungGen      total 19456K, used 995K [0x00000000d5580000, 0x00000000d6c80000, 0x0000000100000000)
  eden space 18432K, 0% used [0x00000000d5580000,0x00000000d5580000,0x00000000d6780000)
  from space 1024K, 97% used [0x00000000d6980000,0x00000000d6a78e90,0x00000000d6a80000)
  to   space 2048K, 0% used [0x00000000d6780000,0x00000000d6780000,0x00000000d6980000)
 ParOldGen       total 68608K, used 44813K [0x0000000080000000, 0x0000000084300000, 0x00000000d5580000)
  object space 68608K, 65% used [0x0000000080000000,0x0000000082bc3460,0x0000000084300000)
 Metaspace       used 69148K, committed 70656K, reserved 1114112K
  class space    used 8616K, committed 9280K, reserved 1048576K
}
Event: 39.528 GC heap before
{Heap before GC invocations=48 (full 3):
 PSYoungGen      total 19456K, used 19427K [0x00000000d5580000, 0x00000000d6c80000, 0x0000000100000000)
  eden space 18432K, 100% used [0x00000000d5580000,0x00000000d6780000,0x00000000d6780000)
  from space 1024K, 97% used [0x00000000d6980000,0x00000000d6a78e90,0x00000000d6a80000)
  to   space 2048K, 0% used [0x00000000d6780000,0x00000000d6780000,0x00000000d6980000)
 ParOldGen       total 68608K, used 44813K [0x0000000080000000, 0x0000000084300000, 0x00000000d5580000)
  object space 68608K, 65% used [0x0000000080000000,0x0000000082bc3460,0x0000000084300000)
 Metaspace       used 69662K, committed 71104K, reserved 1114112K
  class space    used 8681K, committed 9344K, reserved 1048576K
}
Event: 39.531 GC heap after
{Heap after GC invocations=48 (full 3):
 PSYoungGen      total 19968K, used 1160K [0x00000000d5580000, 0x00000000d6a80000, 0x0000000100000000)
  eden space 18432K, 0% used [0x00000000d5580000,0x00000000d5580000,0x00000000d6780000)
  from space 1536K, 75% used [0x00000000d6780000,0x00000000d68a22b0,0x00000000d6900000)
  to   space 1536K, 0% used [0x00000000d6900000,0x00000000d6900000,0x00000000d6a80000)
 ParOldGen       total 68608K, used 45517K [0x0000000080000000, 0x0000000084300000, 0x00000000d5580000)
  object space 68608K, 66% used [0x0000000080000000,0x0000000082c73460,0x0000000084300000)
 Metaspace       used 69662K, committed 71104K, reserved 1114112K
  class space    used 8681K, committed 9344K, reserved 1048576K
}
Event: 39.820 GC heap before
{Heap before GC invocations=49 (full 3):
 PSYoungGen      total 19968K, used 19592K [0x00000000d5580000, 0x00000000d6a80000, 0x0000000100000000)
  eden space 18432K, 100% used [0x00000000d5580000,0x00000000d6780000,0x00000000d6780000)
  from space 1536K, 75% used [0x00000000d6780000,0x00000000d68a22b0,0x00000000d6900000)
  to   space 1536K, 0% used [0x00000000d6900000,0x00000000d6900000,0x00000000d6a80000)
 ParOldGen       total 68608K, used 45517K [0x0000000080000000, 0x0000000084300000, 0x00000000d5580000)
  object space 68608K, 66% used [0x0000000080000000,0x0000000082c73460,0x0000000084300000)
 Metaspace       used 70914K, committed 72448K, reserved 1114112K
  class space    used 8852K, committed 9536K, reserved 1048576K
}
Event: 39.822 GC heap after
{Heap after GC invocations=49 (full 3):
 PSYoungGen      total 19968K, used 1016K [0x00000000d5580000, 0x00000000d6a80000, 0x0000000100000000)
  eden space 18432K, 0% used [0x00000000d5580000,0x00000000d5580000,0x00000000d6780000)
  from space 1536K, 66% used [0x00000000d6900000,0x00000000d69fe1a8,0x00000000d6a80000)
  to   space 1536K, 0% used [0x00000000d6780000,0x00000000d6780000,0x00000000d6900000)
 ParOldGen       total 68608K, used 46157K [0x0000000080000000, 0x0000000084300000, 0x00000000d5580000)
  object space 68608K, 67% used [0x0000000080000000,0x0000000082d13480,0x0000000084300000)
 Metaspace       used 70914K, committed 72448K, reserved 1114112K
  class space    used 8852K, committed 9536K, reserved 1048576K
}
Event: 40.157 GC heap before
{Heap before GC invocations=50 (full 3):
 PSYoungGen      total 19968K, used 19448K [0x00000000d5580000, 0x00000000d6a80000, 0x0000000100000000)
  eden space 18432K, 100% used [0x00000000d5580000,0x00000000d6780000,0x00000000d6780000)
  from space 1536K, 66% used [0x00000000d6900000,0x00000000d69fe1a8,0x00000000d6a80000)
  to   space 1536K, 0% used [0x00000000d6780000,0x00000000d6780000,0x00000000d6900000)
 ParOldGen       total 68608K, used 46157K [0x0000000080000000, 0x0000000084300000, 0x00000000d5580000)
  object space 68608K, 67% used [0x0000000080000000,0x0000000082d13480,0x0000000084300000)
 Metaspace       used 71225K, committed 72832K, reserved 1114112K
  class space    used 8878K, committed 9600K, reserved 1048576K
}
Event: 40.158 GC heap after
{Heap after GC invocations=50 (full 3):
 PSYoungGen      total 19456K, used 800K [0x00000000d5580000, 0x00000000d6980000, 0x0000000100000000)
  eden space 18432K, 0% used [0x00000000d5580000,0x00000000d5580000,0x00000000d6780000)
  from space 1024K, 78% used [0x00000000d6780000,0x00000000d6848000,0x00000000d6880000)
  to   space 1024K, 0% used [0x00000000d6880000,0x00000000d6880000,0x00000000d6980000)
 ParOldGen       total 68608K, used 46859K [0x0000000080000000, 0x0000000084300000, 0x00000000d5580000)
  object space 68608K, 68% used [0x0000000080000000,0x0000000082dc2fd0,0x0000000084300000)
 Metaspace       used 71225K, committed 72832K, reserved 1114112K
  class space    used 8878K, committed 9600K, reserved 1048576K
}
Event: 50.021 GC heap before
{Heap before GC invocations=51 (full 3):
 PSYoungGen      total 19456K, used 19232K [0x00000000d5580000, 0x00000000d6980000, 0x0000000100000000)
  eden space 18432K, 100% used [0x00000000d5580000,0x00000000d6780000,0x00000000d6780000)
  from space 1024K, 78% used [0x00000000d6780000,0x00000000d6848000,0x00000000d6880000)
  to   space 1024K, 0% used [0x00000000d6880000,0x00000000d6880000,0x00000000d6980000)
 ParOldGen       total 68608K, used 46859K [0x0000000080000000, 0x0000000084300000, 0x00000000d5580000)
  object space 68608K, 68% used [0x0000000080000000,0x0000000082dc2fd0,0x0000000084300000)
 Metaspace       used 71457K, committed 73088K, reserved 1114112K
  class space    used 8907K, committed 9664K, reserved 1048576K
}
Event: 50.022 GC heap after
{Heap after GC invocations=51 (full 3):
 PSYoungGen      total 18944K, used 1000K [0x00000000d5580000, 0x00000000d6a80000, 0x0000000100000000)
  eden space 17920K, 0% used [0x00000000d5580000,0x00000000d5580000,0x00000000d6700000)
  from space 1024K, 97% used [0x00000000d6880000,0x00000000d697a078,0x00000000d6980000)
  to   space 1536K, 0% used [0x00000000d6700000,0x00000000d6700000,0x00000000d6880000)
 ParOldGen       total 68608K, used 47283K [0x0000000080000000, 0x0000000084300000, 0x00000000d5580000)
  object space 68608K, 68% used [0x0000000080000000,0x0000000082e2cfd0,0x0000000084300000)
 Metaspace       used 71457K, committed 73088K, reserved 1114112K
  class space    used 8907K, committed 9664K, reserved 1048576K
}
Event: 69.634 GC heap before
{Heap before GC invocations=52 (full 3):
 PSYoungGen      total 18944K, used 18920K [0x00000000d5580000, 0x00000000d6a80000, 0x0000000100000000)
  eden space 17920K, 100% used [0x00000000d5580000,0x00000000d6700000,0x00000000d6700000)
  from space 1024K, 97% used [0x00000000d6880000,0x00000000d697a078,0x00000000d6980000)
  to   space 1536K, 0% used [0x00000000d6700000,0x00000000d6700000,0x00000000d6880000)
 ParOldGen       total 68608K, used 47283K [0x0000000080000000, 0x0000000084300000, 0x00000000d5580000)
  object space 68608K, 68% used [0x0000000080000000,0x0000000082e2cfd0,0x0000000084300000)
 Metaspace       used 72250K, committed 73792K, reserved 1114112K
  class space    used 9003K, committed 9664K, reserved 1048576K
}
Event: 69.636 GC heap after
{Heap after GC invocations=52 (full 3):
 PSYoungGen      total 19456K, used 832K [0x00000000d5580000, 0x00000000d6a00000, 0x0000000100000000)
  eden space 17920K, 0% used [0x00000000d5580000,0x00000000d5580000,0x00000000d6700000)
  from space 1536K, 54% used [0x00000000d6700000,0x00000000d67d0000,0x00000000d6880000)
  to   space 1536K, 0% used [0x00000000d6880000,0x00000000d6880000,0x00000000d6a00000)
 ParOldGen       total 68608K, used 47931K [0x0000000080000000, 0x0000000084300000, 0x00000000d5580000)
  object space 68608K, 69% used [0x0000000080000000,0x0000000082ecefd0,0x0000000084300000)
 Metaspace       used 72250K, committed 73792K, reserved 1114112K
  class space    used 9003K, committed 9664K, reserved 1048576K
}

